
*** Running vivado
    with args -log Timer.vds -m64 -mode batch -messageDb vivado.pb -notrace -source Timer.tcl


****** Vivado v2015.2 (64-bit)
  **** SW Build 1266856 on Fri Jun 26 16:35:25 MDT 2015
  **** IP Build 1264090 on Wed Jun 24 14:22:01 MDT 2015
    ** Copyright 1986-2015 Xilinx, Inc. All Rights Reserved.

source Timer.tcl -notrace
Command: synth_design -top Timer -part xc7a35tcpg236-1
Starting synth_design
Attempting to get a license for feature 'Synthesis' and/or device 'xc7a35t'
INFO: [Common 17-349] Got license for feature 'Synthesis' and/or device 'xc7a35t'
INFO: [Common 17-1223] The version limit for your license is '2015.12' and will expire in -3574 days. A version limit expiration means that, although you may be able to continue to use the current version of tools or IP with this license, you will not be eligible for any updates or new releases.
---------------------------------------------------------------------------------
Starting RTL Elaboration : Time (s): cpu = 00:00:03 ; elapsed = 00:00:03 . Memory (MB): peak = 922.504 ; gain = 152.527 ; free physical = 22066 ; free virtual = 43102
---------------------------------------------------------------------------------
INFO: [Synth 8-638] synthesizing module 'Timer' [/home/s2524342/Documents/Digital Design/Timing_the_world_in_decimal/Timing_the_world_in_decimal/Timing_the_world_in_decimal.srcs/sources_1/new/Timer.v:3]
INFO: [Synth 8-638] synthesizing module 'Generic_counter' [/home/s2524342/Documents/Digital Design/Timing_the_world_in_decimal/Timing_the_world_in_decimal/Timing_the_world_in_decimal.srcs/sources_1/new/Generic_counter.v:23]
	Parameter COUNTER_WIDTH bound to: 17 - type: integer 
	Parameter COUNTER_MAX bound to: 99999 - type: integer 
INFO: [Synth 8-256] done synthesizing module 'Generic_counter' (1#1) [/home/s2524342/Documents/Digital Design/Timing_the_world_in_decimal/Timing_the_world_in_decimal/Timing_the_world_in_decimal.srcs/sources_1/new/Generic_counter.v:23]
WARNING: [Synth 8-350] instance 'counter_1khz' of module 'Generic_counter' requires 5 connections, but only 4 given [/home/s2524342/Documents/Digital Design/Timing_the_world_in_decimal/Timing_the_world_in_decimal/Timing_the_world_in_decimal.srcs/sources_1/new/Timer.v:24]
INFO: [Synth 8-638] synthesizing module 'Generic_counter__parameterized0' [/home/s2524342/Documents/Digital Design/Timing_the_world_in_decimal/Timing_the_world_in_decimal/Timing_the_world_in_decimal.srcs/sources_1/new/Generic_counter.v:23]
	Parameter COUNTER_WIDTH bound to: 4 - type: integer 
	Parameter COUNTER_MAX bound to: 9 - type: integer 
INFO: [Synth 8-256] done synthesizing module 'Generic_counter__parameterized0' (1#1) [/home/s2524342/Documents/Digital Design/Timing_the_world_in_decimal/Timing_the_world_in_decimal/Timing_the_world_in_decimal.srcs/sources_1/new/Generic_counter.v:23]
WARNING: [Synth 8-350] instance 'counter_100hz' of module 'Generic_counter' requires 5 connections, but only 4 given [/home/s2524342/Documents/Digital Design/Timing_the_world_in_decimal/Timing_the_world_in_decimal/Timing_the_world_in_decimal.srcs/sources_1/new/Timer.v:35]
INFO: [Synth 8-638] synthesizing module 'Generic_counter__parameterized1' [/home/s2524342/Documents/Digital Design/Timing_the_world_in_decimal/Timing_the_world_in_decimal/Timing_the_world_in_decimal.srcs/sources_1/new/Generic_counter.v:23]
	Parameter COUNTER_WIDTH bound to: 2 - type: integer 
	Parameter COUNTER_MAX bound to: 3 - type: integer 
INFO: [Synth 8-256] done synthesizing module 'Generic_counter__parameterized1' (1#1) [/home/s2524342/Documents/Digital Design/Timing_the_world_in_decimal/Timing_the_world_in_decimal/Timing_the_world_in_decimal.srcs/sources_1/new/Generic_counter.v:23]
WARNING: [Synth 8-350] instance 'strobe_counter' of module 'Generic_counter' requires 5 connections, but only 4 given [/home/s2524342/Documents/Digital Design/Timing_the_world_in_decimal/Timing_the_world_in_decimal/Timing_the_world_in_decimal.srcs/sources_1/new/Timer.v:46]
INFO: [Synth 8-638] synthesizing module 'Generic_counter__parameterized2' [/home/s2524342/Documents/Digital Design/Timing_the_world_in_decimal/Timing_the_world_in_decimal/Timing_the_world_in_decimal.srcs/sources_1/new/Generic_counter.v:23]
	Parameter COUNTER_WIDTH bound to: 4 - type: integer 
	Parameter COUNTER_MAX bound to: 9 - type: integer 
INFO: [Synth 8-256] done synthesizing module 'Generic_counter__parameterized2' (1#1) [/home/s2524342/Documents/Digital Design/Timing_the_world_in_decimal/Timing_the_world_in_decimal/Timing_the_world_in_decimal.srcs/sources_1/new/Generic_counter.v:23]
INFO: [Synth 8-638] synthesizing module 'Generic_counter__parameterized3' [/home/s2524342/Documents/Digital Design/Timing_the_world_in_decimal/Timing_the_world_in_decimal/Timing_the_world_in_decimal.srcs/sources_1/new/Generic_counter.v:23]
	Parameter COUNTER_WIDTH bound to: 4 - type: integer 
	Parameter COUNTER_MAX bound to: 9 - type: integer 
INFO: [Synth 8-256] done synthesizing module 'Generic_counter__parameterized3' (1#1) [/home/s2524342/Documents/Digital Design/Timing_the_world_in_decimal/Timing_the_world_in_decimal/Timing_the_world_in_decimal.srcs/sources_1/new/Generic_counter.v:23]
INFO: [Synth 8-638] synthesizing module 'Generic_counter__parameterized4' [/home/s2524342/Documents/Digital Design/Timing_the_world_in_decimal/Timing_the_world_in_decimal/Timing_the_world_in_decimal.srcs/sources_1/new/Generic_counter.v:23]
	Parameter COUNTER_WIDTH bound to: 4 - type: integer 
	Parameter COUNTER_MAX bound to: 9 - type: integer 
INFO: [Synth 8-256] done synthesizing module 'Generic_counter__parameterized4' (1#1) [/home/s2524342/Documents/Digital Design/Timing_the_world_in_decimal/Timing_the_world_in_decimal/Timing_the_world_in_decimal.srcs/sources_1/new/Generic_counter.v:23]
INFO: [Synth 8-638] synthesizing module 'Generic_counter__parameterized5' [/home/s2524342/Documents/Digital Design/Timing_the_world_in_decimal/Timing_the_world_in_decimal/Timing_the_world_in_decimal.srcs/sources_1/new/Generic_counter.v:23]
	Parameter COUNTER_WIDTH bound to: 4 - type: integer 
	Parameter COUNTER_MAX bound to: 9 - type: integer 
INFO: [Synth 8-256] done synthesizing module 'Generic_counter__parameterized5' (1#1) [/home/s2524342/Documents/Digital Design/Timing_the_world_in_decimal/Timing_the_world_in_decimal/Timing_the_world_in_decimal.srcs/sources_1/new/Generic_counter.v:23]
INFO: [Synth 8-638] synthesizing module 'Multiplexer_4way' [/home/s2524342/Documents/Digital Design/Timing_the_world_in_decimal/Timing_the_world_in_decimal/Timing_the_world_in_decimal.srcs/sources_1/new/Multiplexer_4way.v:23]
INFO: [Synth 8-226] default block is never used [/home/s2524342/Documents/Digital Design/Timing_the_world_in_decimal/Timing_the_world_in_decimal/Timing_the_world_in_decimal.srcs/sources_1/new/Multiplexer_4way.v:34]
INFO: [Synth 8-256] done synthesizing module 'Multiplexer_4way' (2#1) [/home/s2524342/Documents/Digital Design/Timing_the_world_in_decimal/Timing_the_world_in_decimal/Timing_the_world_in_decimal.srcs/sources_1/new/Multiplexer_4way.v:23]
INFO: [Synth 8-638] synthesizing module 'Decoding_the_world' [/home/s2524342/Documents/Digital Design/Timing_the_world_in_decimal/Timing_the_world_in_decimal/Timing_the_world_in_decimal.srcs/sources_1/imports/new/Decoding_the_world.v:23]
INFO: [Synth 8-226] default block is never used [/home/s2524342/Documents/Digital Design/Timing_the_world_in_decimal/Timing_the_world_in_decimal/Timing_the_world_in_decimal.srcs/sources_1/imports/new/Decoding_the_world.v:32]
INFO: [Synth 8-226] default block is never used [/home/s2524342/Documents/Digital Design/Timing_the_world_in_decimal/Timing_the_world_in_decimal/Timing_the_world_in_decimal.srcs/sources_1/imports/new/Decoding_the_world.v:42]
INFO: [Synth 8-256] done synthesizing module 'Decoding_the_world' (3#1) [/home/s2524342/Documents/Digital Design/Timing_the_world_in_decimal/Timing_the_world_in_decimal/Timing_the_world_in_decimal.srcs/sources_1/imports/new/Decoding_the_world.v:23]
WARNING: [Synth 8-689] width (5) of port connection 'BIN_IN' does not match port width (4) of module 'Decoding_the_world' [/home/s2524342/Documents/Digital Design/Timing_the_world_in_decimal/Timing_the_world_in_decimal/Timing_the_world_in_decimal.srcs/sources_1/new/Timer.v:117]
WARNING: [Synth 8-689] width (7) of port connection 'HEX_OUT' does not match port width (8) of module 'Decoding_the_world' [/home/s2524342/Documents/Digital Design/Timing_the_world_in_decimal/Timing_the_world_in_decimal/Timing_the_world_in_decimal.srcs/sources_1/new/Timer.v:119]
WARNING: [Synth 8-350] instance 'seg7' of module 'Decoding_the_world' requires 5 connections, but only 4 given [/home/s2524342/Documents/Digital Design/Timing_the_world_in_decimal/Timing_the_world_in_decimal/Timing_the_world_in_decimal.srcs/sources_1/new/Timer.v:115]
INFO: [Synth 8-256] done synthesizing module 'Timer' (4#1) [/home/s2524342/Documents/Digital Design/Timing_the_world_in_decimal/Timing_the_world_in_decimal/Timing_the_world_in_decimal.srcs/sources_1/new/Timer.v:3]
---------------------------------------------------------------------------------
Finished RTL Elaboration : Time (s): cpu = 00:00:03 ; elapsed = 00:00:04 . Memory (MB): peak = 958.785 ; gain = 188.809 ; free physical = 22025 ; free virtual = 43061
---------------------------------------------------------------------------------

Report Check Netlist: 
+------+------------------+-------+---------+-------+------------------+
|      |Item              |Errors |Warnings |Status |Description       |
+------+------------------+-------+---------+-------+------------------+
|1     |multi_driven_nets |      0|        0|Passed |Multi driven nets |
+------+------------------+-------+---------+-------+------------------+
WARNING: [Synth 8-3295] tying undriven pin seg7:DOT_IN to constant 0 [/home/s2524342/Documents/Digital Design/Timing_the_world_in_decimal/Timing_the_world_in_decimal/Timing_the_world_in_decimal.srcs/sources_1/new/Timer.v:115]
---------------------------------------------------------------------------------
Finished RTL Optimization Phase 1 : Time (s): cpu = 00:00:03 ; elapsed = 00:00:04 . Memory (MB): peak = 958.785 ; gain = 188.809 ; free physical = 22025 ; free virtual = 43061
---------------------------------------------------------------------------------
INFO: [Device 21-403] Loading part xc7a35tcpg236-1
INFO: [Project 1-570] Preparing netlist for logic optimization

Processing XDC Constraints
Initializing timing engine
Parsing XDC File [/home/s2524342/Documents/Digital Design/Timing_the_world_in_decimal/Timing_the_world_in_decimal/Timing_the_world_in_decimal.srcs/constrs_1/new/timer_constraints.xdc]
Finished Parsing XDC File [/home/s2524342/Documents/Digital Design/Timing_the_world_in_decimal/Timing_the_world_in_decimal/Timing_the_world_in_decimal.srcs/constrs_1/new/timer_constraints.xdc]
Completed Processing XDC Constraints

INFO: [Project 1-111] Unisim Transformation Summary:
No Unisim elements were transformed.

Constraint Validation Runtime : Time (s): cpu = 00:00:00.01 ; elapsed = 00:00:00 . Memory (MB): peak = 1281.848 ; gain = 0.000 ; free physical = 21868 ; free virtual = 42898
---------------------------------------------------------------------------------
Finished Constraint Validation : Time (s): cpu = 00:00:07 ; elapsed = 00:00:07 . Memory (MB): peak = 1281.848 ; gain = 511.871 ; free physical = 21872 ; free virtual = 42901
---------------------------------------------------------------------------------
---------------------------------------------------------------------------------
Start Loading Part and Timing Information
---------------------------------------------------------------------------------
Loading part: xc7a35tcpg236-1
---------------------------------------------------------------------------------
Finished Loading Part and Timing Information : Time (s): cpu = 00:00:07 ; elapsed = 00:00:07 . Memory (MB): peak = 1281.848 ; gain = 511.871 ; free physical = 21872 ; free virtual = 42901
---------------------------------------------------------------------------------
---------------------------------------------------------------------------------
Start Applying 'set_property' XDC Constraints
---------------------------------------------------------------------------------
incorrect argument "-dict" for "set_property" at line 2 of file {/home/s2524342/Documents/Digital Design/Timing_the_world_in_decimal/Timing_the_world_in_decimal/Timing_the_world_in_decimal.srcs/constrs_1/new/timer_constraints.xdc}
incorrect set of required parameters for "set_property" at line 2 of file {/home/s2524342/Documents/Digital Design/Timing_the_world_in_decimal/Timing_the_world_in_decimal/Timing_the_world_in_decimal.srcs/constrs_1/new/timer_constraints.xdc}
---------------------------------------------------------------------
Usage:
  set_property
    [-help]
    [-quiet]
    attribute
    value
    object
    [{>|>>} <stdoutFile>]
---------------------------------------------------------------------
incorrect argument "-dict" for "set_property" at line 6 of file {/home/s2524342/Documents/Digital Design/Timing_the_world_in_decimal/Timing_the_world_in_decimal/Timing_the_world_in_decimal.srcs/constrs_1/new/timer_constraints.xdc}
incorrect set of required parameters for "set_property" at line 6 of file {/home/s2524342/Documents/Digital Design/Timing_the_world_in_decimal/Timing_the_world_in_decimal/Timing_the_world_in_decimal.srcs/constrs_1/new/timer_constraints.xdc}
---------------------------------------------------------------------
Usage:
  set_property
    [-help]
    [-quiet]
    attribute
    value
    object
    [{>|>>} <stdoutFile>]
---------------------------------------------------------------------
incorrect argument "-dict" for "set_property" at line 9 of file {/home/s2524342/Documents/Digital Design/Timing_the_world_in_decimal/Timing_the_world_in_decimal/Timing_the_world_in_decimal.srcs/constrs_1/new/timer_constraints.xdc}
incorrect set of required parameters for "set_property" at line 9 of file {/home/s2524342/Documents/Digital Design/Timing_the_world_in_decimal/Timing_the_world_in_decimal/Timing_the_world_in_decimal.srcs/constrs_1/new/timer_constraints.xdc}
---------------------------------------------------------------------
Usage:
  set_property
    [-help]
    [-quiet]
    attribute
    value
    object
    [{>|>>} <stdoutFile>]
---------------------------------------------------------------------
incorrect argument "-dict" for "set_property" at line 12 of file {/home/s2524342/Documents/Digital Design/Timing_the_world_in_decimal/Timing_the_world_in_decimal/Timing_the_world_in_decimal.srcs/constrs_1/new/timer_constraints.xdc}
incorrect set of required parameters for "set_property" at line 12 of file {/home/s2524342/Documents/Digital Design/Timing_the_world_in_decimal/Timing_the_world_in_decimal/Timing_the_world_in_decimal.srcs/constrs_1/new/timer_constraints.xdc}
---------------------------------------------------------------------
Usage:
  set_property
    [-help]
    [-quiet]
    attribute
    value
    object
    [{>|>>} <stdoutFile>]
---------------------------------------------------------------------
incorrect argument "-dict" for "set_property" at line 13 of file {/home/s2524342/Documents/Digital Design/Timing_the_world_in_decimal/Timing_the_world_in_decimal/Timing_the_world_in_decimal.srcs/constrs_1/new/timer_constraints.xdc}
incorrect set of required parameters for "set_property" at line 13 of file {/home/s2524342/Documents/Digital Design/Timing_the_world_in_decimal/Timing_the_world_in_decimal/Timing_the_world_in_decimal.srcs/constrs_1/new/timer_constraints.xdc}
---------------------------------------------------------------------
Usage:
  set_property
    [-help]
    [-quiet]
    attribute
    value
    object
    [{>|>>} <stdoutFile>]
---------------------------------------------------------------------
incorrect argument "-dict" for "set_property" at line 14 of file {/home/s2524342/Documents/Digital Design/Timing_the_world_in_decimal/Timing_the_world_in_decimal/Timing_the_world_in_decimal.srcs/constrs_1/new/timer_constraints.xdc}
incorrect set of required parameters for "set_property" at line 14 of file {/home/s2524342/Documents/Digital Design/Timing_the_world_in_decimal/Timing_the_world_in_decimal/Timing_the_world_in_decimal.srcs/constrs_1/new/timer_constraints.xdc}
---------------------------------------------------------------------
Usage:
  set_property
    [-help]
    [-quiet]
    attribute
    value
    object
    [{>|>>} <stdoutFile>]
---------------------------------------------------------------------
incorrect argument "-dict" for "set_property" at line 15 of file {/home/s2524342/Documents/Digital Design/Timing_the_world_in_decimal/Timing_the_world_in_decimal/Timing_the_world_in_decimal.srcs/constrs_1/new/timer_constraints.xdc}
incorrect set of required parameters for "set_property" at line 15 of file {/home/s2524342/Documents/Digital Design/Timing_the_world_in_decimal/Timing_the_world_in_decimal/Timing_the_world_in_decimal.srcs/constrs_1/new/timer_constraints.xdc}
---------------------------------------------------------------------
Usage:
  set_property
    [-help]
    [-quiet]
    attribute
    value
    object
    [{>|>>} <stdoutFile>]
---------------------------------------------------------------------
incorrect argument "-dict" for "set_property" at line 20 of file {/home/s2524342/Documents/Digital Design/Timing_the_world_in_decimal/Timing_the_world_in_decimal/Timing_the_world_in_decimal.srcs/constrs_1/new/timer_constraints.xdc}
incorrect set of required parameters for "set_property" at line 20 of file {/home/s2524342/Documents/Digital Design/Timing_the_world_in_decimal/Timing_the_world_in_decimal/Timing_the_world_in_decimal.srcs/constrs_1/new/timer_constraints.xdc}
---------------------------------------------------------------------
Usage:
  set_property
    [-help]
    [-quiet]
    attribute
    value
    object
    [{>|>>} <stdoutFile>]
---------------------------------------------------------------------
incorrect argument "-dict" for "set_property" at line 21 of file {/home/s2524342/Documents/Digital Design/Timing_the_world_in_decimal/Timing_the_world_in_decimal/Timing_the_world_in_decimal.srcs/constrs_1/new/timer_constraints.xdc}
incorrect set of required parameters for "set_property" at line 21 of file {/home/s2524342/Documents/Digital Design/Timing_the_world_in_decimal/Timing_the_world_in_decimal/Timing_the_world_in_decimal.srcs/constrs_1/new/timer_constraints.xdc}
---------------------------------------------------------------------
Usage:
  set_property
    [-help]
    [-quiet]
    attribute
    value
    object
    [{>|>>} <stdoutFile>]
---------------------------------------------------------------------
incorrect argument "-dict" for "set_property" at line 22 of file {/home/s2524342/Documents/Digital Design/Timing_the_world_in_decimal/Timing_the_world_in_decimal/Timing_the_world_in_decimal.srcs/constrs_1/new/timer_constraints.xdc}
incorrect set of required parameters for "set_property" at line 22 of file {/home/s2524342/Documents/Digital Design/Timing_the_world_in_decimal/Timing_the_world_in_decimal/Timing_the_world_in_decimal.srcs/constrs_1/new/timer_constraints.xdc}
---------------------------------------------------------------------
Usage:
  set_property
    [-help]
    [-quiet]
    attribute
    value
    object
    [{>|>>} <stdoutFile>]
---------------------------------------------------------------------
incorrect argument "-dict" for "set_property" at line 23 of file {/home/s2524342/Documents/Digital Design/Timing_the_world_in_decimal/Timing_the_world_in_decimal/Timing_the_world_in_decimal.srcs/constrs_1/new/timer_constraints.xdc}
incorrect set of required parameters for "set_property" at line 23 of file {/home/s2524342/Documents/Digital Design/Timing_the_world_in_decimal/Timing_the_world_in_decimal/Timing_the_world_in_decimal.srcs/constrs_1/new/timer_constraints.xdc}
---------------------------------------------------------------------
Usage:
  set_property
    [-help]
    [-quiet]
    attribute
    value
    object
    [{>|>>} <stdoutFile>]
---------------------------------------------------------------------
incorrect argument "-dict" for "set_property" at line 24 of file {/home/s2524342/Documents/Digital Design/Timing_the_world_in_decimal/Timing_the_world_in_decimal/Timing_the_world_in_decimal.srcs/constrs_1/new/timer_constraints.xdc}
incorrect set of required parameters for "set_property" at line 24 of file {/home/s2524342/Documents/Digital Design/Timing_the_world_in_decimal/Timing_the_world_in_decimal/Timing_the_world_in_decimal.srcs/constrs_1/new/timer_constraints.xdc}
---------------------------------------------------------------------
Usage:
  set_property
    [-help]
    [-quiet]
    attribute
    value
    object
    [{>|>>} <stdoutFile>]
---------------------------------------------------------------------
incorrect argument "-dict" for "set_property" at line 25 of file {/home/s2524342/Documents/Digital Design/Timing_the_world_in_decimal/Timing_the_world_in_decimal/Timing_the_world_in_decimal.srcs/constrs_1/new/timer_constraints.xdc}
incorrect set of required parameters for "set_property" at line 25 of file {/home/s2524342/Documents/Digital Design/Timing_the_world_in_decimal/Timing_the_world_in_decimal/Timing_the_world_in_decimal.srcs/constrs_1/new/timer_constraints.xdc}
---------------------------------------------------------------------
Usage:
  set_property
    [-help]
    [-quiet]
    attribute
    value
    object
    [{>|>>} <stdoutFile>]
---------------------------------------------------------------------
incorrect argument "-dict" for "set_property" at line 26 of file {/home/s2524342/Documents/Digital Design/Timing_the_world_in_decimal/Timing_the_world_in_decimal/Timing_the_world_in_decimal.srcs/constrs_1/new/timer_constraints.xdc}
incorrect set of required parameters for "set_property" at line 26 of file {/home/s2524342/Documents/Digital Design/Timing_the_world_in_decimal/Timing_the_world_in_decimal/Timing_the_world_in_decimal.srcs/constrs_1/new/timer_constraints.xdc}
---------------------------------------------------------------------
Usage:
  set_property
    [-help]
    [-quiet]
    attribute
    value
    object
    [{>|>>} <stdoutFile>]
---------------------------------------------------------------------
---------------------------------------------------------------------------------
Finished applying 'set_property' XDC Constraints : Time (s): cpu = 00:00:07 ; elapsed = 00:00:07 . Memory (MB): peak = 1281.848 ; gain = 511.871 ; free physical = 21871 ; free virtual = 42901
---------------------------------------------------------------------------------
---------------------------------------------------------------------------------
Finished RTL Optimization Phase 2 : Time (s): cpu = 00:00:07 ; elapsed = 00:00:07 . Memory (MB): peak = 1281.848 ; gain = 511.871 ; free physical = 21856 ; free virtual = 42886
---------------------------------------------------------------------------------

Report RTL Partitions: 
+-+--------------+------------+----------+
| |RTL Partition |Replication |Instances |
+-+--------------+------------+----------+
+-+--------------+------------+----------+
---------------------------------------------------------------------------------
Start RTL Component Statistics 
---------------------------------------------------------------------------------
Detailed RTL Component Info : 
+---Adders : 
	   2 Input     17 Bit       Adders := 1     
	   2 Input      4 Bit       Adders := 5     
	   2 Input      2 Bit       Adders := 1     
+---Registers : 
	               17 Bit    Registers := 1     
	                4 Bit    Registers := 5     
	                2 Bit    Registers := 1     
	                1 Bit    Registers := 7     
+---Muxes : 
	  16 Input      7 Bit        Muxes := 1     
	   4 Input      5 Bit        Muxes := 1     
	   2 Input      4 Bit        Muxes := 5     
	   4 Input      4 Bit        Muxes := 1     
	   2 Input      2 Bit        Muxes := 1     
---------------------------------------------------------------------------------
Finished RTL Component Statistics 
---------------------------------------------------------------------------------
---------------------------------------------------------------------------------
Start RTL Hierarchical Component Statistics 
---------------------------------------------------------------------------------
Hierarchical RTL Component report 
Module Generic_counter 
Detailed RTL Component Info : 
+---Adders : 
	   2 Input     17 Bit       Adders := 1     
+---Registers : 
	               17 Bit    Registers := 1     
	                1 Bit    Registers := 1     
Module Generic_counter__parameterized0 
Detailed RTL Component Info : 
+---Adders : 
	   2 Input      4 Bit       Adders := 1     
+---Registers : 
	                4 Bit    Registers := 1     
	                1 Bit    Registers := 1     
+---Muxes : 
	   2 Input      4 Bit        Muxes := 1     
Module Generic_counter__parameterized1 
Detailed RTL Component Info : 
+---Adders : 
	   2 Input      2 Bit       Adders := 1     
+---Registers : 
	                2 Bit    Registers := 1     
	                1 Bit    Registers := 1     
+---Muxes : 
	   2 Input      2 Bit        Muxes := 1     
Module Generic_counter__parameterized2 
Detailed RTL Component Info : 
+---Adders : 
	   2 Input      4 Bit       Adders := 1     
+---Registers : 
	                4 Bit    Registers := 1     
	                1 Bit    Registers := 1     
+---Muxes : 
	   2 Input      4 Bit        Muxes := 1     
Module Generic_counter__parameterized3 
Detailed RTL Component Info : 
+---Adders : 
	   2 Input      4 Bit       Adders := 1     
+---Registers : 
	                4 Bit    Registers := 1     
	                1 Bit    Registers := 1     
+---Muxes : 
	   2 Input      4 Bit        Muxes := 1     
Module Generic_counter__parameterized4 
Detailed RTL Component Info : 
+---Adders : 
	   2 Input      4 Bit       Adders := 1     
+---Registers : 
	                4 Bit    Registers := 1     
	                1 Bit    Registers := 1     
+---Muxes : 
	   2 Input      4 Bit        Muxes := 1     
Module Generic_counter__parameterized5 
Detailed RTL Component Info : 
+---Adders : 
	   2 Input      4 Bit       Adders := 1     
+---Registers : 
	                4 Bit    Registers := 1     
	                1 Bit    Registers := 1     
+---Muxes : 
	   2 Input      4 Bit        Muxes := 1     
Module Multiplexer_4way 
Detailed RTL Component Info : 
+---Muxes : 
	   4 Input      5 Bit        Muxes := 1     
Module Decoding_the_world 
Detailed RTL Component Info : 
+---Muxes : 
	  16 Input      7 Bit        Muxes := 1     
	   4 Input      4 Bit        Muxes := 1     
---------------------------------------------------------------------------------
Finished RTL Hierarchical Component Statistics
---------------------------------------------------------------------------------
---------------------------------------------------------------------------------
Start Part Resource Summary
---------------------------------------------------------------------------------
Part Resources:
DSPs: 120 (col length:60)
BRAMs: 150 (col length: RAMB18 60 RAMB36 30)
---------------------------------------------------------------------------------
Finished Part Resource Summary
---------------------------------------------------------------------------------
Start Parallel Synthesis Optimization  : Time (s): cpu = 00:00:07 ; elapsed = 00:00:08 . Memory (MB): peak = 1281.848 ; gain = 511.871 ; free physical = 21856 ; free virtual = 42886
---------------------------------------------------------------------------------
Start Cross Boundary Optimization
---------------------------------------------------------------------------------
---------------------------------------------------------------------------------
Finished Cross Boundary Optimization : Time (s): cpu = 00:00:07 ; elapsed = 00:00:08 . Memory (MB): peak = 1281.848 ; gain = 511.871 ; free physical = 21856 ; free virtual = 42886
---------------------------------------------------------------------------------
Finished Parallel Reinference  : Time (s): cpu = 00:00:07 ; elapsed = 00:00:08 . Memory (MB): peak = 1281.848 ; gain = 511.871 ; free physical = 21856 ; free virtual = 42886

Report RTL Partitions: 
+-+--------------+------------+----------+
| |RTL Partition |Replication |Instances |
+-+--------------+------------+----------+
+-+--------------+------------+----------+
---------------------------------------------------------------------------------
Start Area Optimization
---------------------------------------------------------------------------------
---------------------------------------------------------------------------------
Finished Area Optimization : Time (s): cpu = 00:00:07 ; elapsed = 00:00:08 . Memory (MB): peak = 1281.848 ; gain = 511.871 ; free physical = 21837 ; free virtual = 42868
---------------------------------------------------------------------------------
Finished Parallel Area Optimization  : Time (s): cpu = 00:00:07 ; elapsed = 00:00:08 . Memory (MB): peak = 1281.848 ; gain = 511.871 ; free physical = 21837 ; free virtual = 42868

Report RTL Partitions: 
+-+--------------+------------+----------+
| |RTL Partition |Replication |Instances |
+-+--------------+------------+----------+
+-+--------------+------------+----------+
Finished Parallel Synthesis Optimization  : Time (s): cpu = 00:00:07 ; elapsed = 00:00:08 . Memory (MB): peak = 1281.848 ; gain = 511.871 ; free physical = 21837 ; free virtual = 42868
---------------------------------------------------------------------------------
Start Timing Optimization
---------------------------------------------------------------------------------
---------------------------------------------------------------------------------
Start Applying XDC Timing Constraints
---------------------------------------------------------------------------------
incorrect argument "-dict" for "set_property" at line 2 of file {/home/s2524342/Documents/Digital Design/Timing_the_world_in_decimal/Timing_the_world_in_decimal/Timing_the_world_in_decimal.srcs/constrs_1/new/timer_constraints.xdc}
incorrect set of required parameters for "set_property" at line 2 of file {/home/s2524342/Documents/Digital Design/Timing_the_world_in_decimal/Timing_the_world_in_decimal/Timing_the_world_in_decimal.srcs/constrs_1/new/timer_constraints.xdc}
---------------------------------------------------------------------
Usage:
  set_property
    [-help]
    [-quiet]
    attribute
    value
    object
    [{>|>>} <stdoutFile>]
---------------------------------------------------------------------
incorrect argument "-dict" for "set_property" at line 6 of file {/home/s2524342/Documents/Digital Design/Timing_the_world_in_decimal/Timing_the_world_in_decimal/Timing_the_world_in_decimal.srcs/constrs_1/new/timer_constraints.xdc}
incorrect set of required parameters for "set_property" at line 6 of file {/home/s2524342/Documents/Digital Design/Timing_the_world_in_decimal/Timing_the_world_in_decimal/Timing_the_world_in_decimal.srcs/constrs_1/new/timer_constraints.xdc}
---------------------------------------------------------------------
Usage:
  set_property
    [-help]
    [-quiet]
    attribute
    value
    object
    [{>|>>} <stdoutFile>]
---------------------------------------------------------------------
incorrect argument "-dict" for "set_property" at line 9 of file {/home/s2524342/Documents/Digital Design/Timing_the_world_in_decimal/Timing_the_world_in_decimal/Timing_the_world_in_decimal.srcs/constrs_1/new/timer_constraints.xdc}
incorrect set of required parameters for "set_property" at line 9 of file {/home/s2524342/Documents/Digital Design/Timing_the_world_in_decimal/Timing_the_world_in_decimal/Timing_the_world_in_decimal.srcs/constrs_1/new/timer_constraints.xdc}
---------------------------------------------------------------------
Usage:
  set_property
    [-help]
    [-quiet]
    attribute
    value
    object
    [{>|>>} <stdoutFile>]
---------------------------------------------------------------------
incorrect argument "-dict" for "set_property" at line 12 of file {/home/s2524342/Documents/Digital Design/Timing_the_world_in_decimal/Timing_the_world_in_decimal/Timing_the_world_in_decimal.srcs/constrs_1/new/timer_constraints.xdc}
incorrect set of required parameters for "set_property" at line 12 of file {/home/s2524342/Documents/Digital Design/Timing_the_world_in_decimal/Timing_the_world_in_decimal/Timing_the_world_in_decimal.srcs/constrs_1/new/timer_constraints.xdc}
---------------------------------------------------------------------
Usage:
  set_property
    [-help]
    [-quiet]
    attribute
    value
    object
    [{>|>>} <stdoutFile>]
---------------------------------------------------------------------
incorrect argument "-dict" for "set_property" at line 13 of file {/home/s2524342/Documents/Digital Design/Timing_the_world_in_decimal/Timing_the_world_in_decimal/Timing_the_world_in_decimal.srcs/constrs_1/new/timer_constraints.xdc}
incorrect set of required parameters for "set_property" at line 13 of file {/home/s2524342/Documents/Digital Design/Timing_the_world_in_decimal/Timing_the_world_in_decimal/Timing_the_world_in_decimal.srcs/constrs_1/new/timer_constraints.xdc}
---------------------------------------------------------------------
Usage:
  set_property
    [-help]
    [-quiet]
    attribute
    value
    object
    [{>|>>} <stdoutFile>]
---------------------------------------------------------------------
incorrect argument "-dict" for "set_property" at line 14 of file {/home/s2524342/Documents/Digital Design/Timing_the_world_in_decimal/Timing_the_world_in_decimal/Timing_the_world_in_decimal.srcs/constrs_1/new/timer_constraints.xdc}
incorrect set of required parameters for "set_property" at line 14 of file {/home/s2524342/Documents/Digital Design/Timing_the_world_in_decimal/Timing_the_world_in_decimal/Timing_the_world_in_decimal.srcs/constrs_1/new/timer_constraints.xdc}
---------------------------------------------------------------------
Usage:
  set_property
    [-help]
    [-quiet]
    attribute
    value
    object
    [{>|>>} <stdoutFile>]
---------------------------------------------------------------------
incorrect argument "-dict" for "set_property" at line 15 of file {/home/s2524342/Documents/Digital Design/Timing_the_world_in_decimal/Timing_the_world_in_decimal/Timing_the_world_in_decimal.srcs/constrs_1/new/timer_constraints.xdc}
incorrect set of required parameters for "set_property" at line 15 of file {/home/s2524342/Documents/Digital Design/Timing_the_world_in_decimal/Timing_the_world_in_decimal/Timing_the_world_in_decimal.srcs/constrs_1/new/timer_constraints.xdc}
---------------------------------------------------------------------
Usage:
  set_property
    [-help]
    [-quiet]
    attribute
    value
    object
    [{>|>>} <stdoutFile>]
---------------------------------------------------------------------
incorrect argument "-dict" for "set_property" at line 20 of file {/home/s2524342/Documents/Digital Design/Timing_the_world_in_decimal/Timing_the_world_in_decimal/Timing_the_world_in_decimal.srcs/constrs_1/new/timer_constraints.xdc}
incorrect set of required parameters for "set_property" at line 20 of file {/home/s2524342/Documents/Digital Design/Timing_the_world_in_decimal/Timing_the_world_in_decimal/Timing_the_world_in_decimal.srcs/constrs_1/new/timer_constraints.xdc}
---------------------------------------------------------------------
Usage:
  set_property
    [-help]
    [-quiet]
    attribute
    value
    object
    [{>|>>} <stdoutFile>]
---------------------------------------------------------------------
incorrect argument "-dict" for "set_property" at line 21 of file {/home/s2524342/Documents/Digital Design/Timing_the_world_in_decimal/Timing_the_world_in_decimal/Timing_the_world_in_decimal.srcs/constrs_1/new/timer_constraints.xdc}
incorrect set of required parameters for "set_property" at line 21 of file {/home/s2524342/Documents/Digital Design/Timing_the_world_in_decimal/Timing_the_world_in_decimal/Timing_the_world_in_decimal.srcs/constrs_1/new/timer_constraints.xdc}
---------------------------------------------------------------------
Usage:
  set_property
    [-help]
    [-quiet]
    attribute
    value
    object
    [{>|>>} <stdoutFile>]
---------------------------------------------------------------------
incorrect argument "-dict" for "set_property" at line 22 of file {/home/s2524342/Documents/Digital Design/Timing_the_world_in_decimal/Timing_the_world_in_decimal/Timing_the_world_in_decimal.srcs/constrs_1/new/timer_constraints.xdc}
incorrect set of required parameters for "set_property" at line 22 of file {/home/s2524342/Documents/Digital Design/Timing_the_world_in_decimal/Timing_the_world_in_decimal/Timing_the_world_in_decimal.srcs/constrs_1/new/timer_constraints.xdc}
---------------------------------------------------------------------
Usage:
  set_property
    [-help]
    [-quiet]
    attribute
    value
    object
    [{>|>>} <stdoutFile>]
---------------------------------------------------------------------
incorrect argument "-dict" for "set_property" at line 23 of file {/home/s2524342/Documents/Digital Design/Timing_the_world_in_decimal/Timing_the_world_in_decimal/Timing_the_world_in_decimal.srcs/constrs_1/new/timer_constraints.xdc}
incorrect set of required parameters for "set_property" at line 23 of file {/home/s2524342/Documents/Digital Design/Timing_the_world_in_decimal/Timing_the_world_in_decimal/Timing_the_world_in_decimal.srcs/constrs_1/new/timer_constraints.xdc}
---------------------------------------------------------------------
Usage:
  set_property
    [-help]
    [-quiet]
    attribute
    value
    object
    [{>|>>} <stdoutFile>]
---------------------------------------------------------------------
incorrect argument "-dict" for "set_property" at line 24 of file {/home/s2524342/Documents/Digital Design/Timing_the_world_in_decimal/Timing_the_world_in_decimal/Timing_the_world_in_decimal.srcs/constrs_1/new/timer_constraints.xdc}
incorrect set of required parameters for "set_property" at line 24 of file {/home/s2524342/Documents/Digital Design/Timing_the_world_in_decimal/Timing_the_world_in_decimal/Timing_the_world_in_decimal.srcs/constrs_1/new/timer_constraints.xdc}
---------------------------------------------------------------------
Usage:
  set_property
    [-help]
    [-quiet]
    attribute
    value
    object
    [{>|>>} <stdoutFile>]
---------------------------------------------------------------------
incorrect argument "-dict" for "set_property" at line 25 of file {/home/s2524342/Documents/Digital Design/Timing_the_world_in_decimal/Timing_the_world_in_decimal/Timing_the_world_in_decimal.srcs/constrs_1/new/timer_constraints.xdc}
incorrect set of required parameters for "set_property" at line 25 of file {/home/s2524342/Documents/Digital Design/Timing_the_world_in_decimal/Timing_the_world_in_decimal/Timing_the_world_in_decimal.srcs/constrs_1/new/timer_constraints.xdc}
---------------------------------------------------------------------
Usage:
  set_property
    [-help]
    [-quiet]
    attribute
    value
    object
    [{>|>>} <stdoutFile>]
---------------------------------------------------------------------
incorrect argument "-dict" for "set_property" at line 26 of file {/home/s2524342/Documents/Digital Design/Timing_the_world_in_decimal/Timing_the_world_in_decimal/Timing_the_world_in_decimal.srcs/constrs_1/new/timer_constraints.xdc}
incorrect set of required parameters for "set_property" at line 26 of file {/home/s2524342/Documents/Digital Design/Timing_the_world_in_decimal/Timing_the_world_in_decimal/Timing_the_world_in_decimal.srcs/constrs_1/new/timer_constraints.xdc}
---------------------------------------------------------------------
Usage:
  set_property
    [-help]
    [-quiet]
    attribute
    value
    object
    [{>|>>} <stdoutFile>]
---------------------------------------------------------------------
---------------------------------------------------------------------------------
Finished Applying XDC Timing Constraints : Time (s): cpu = 00:00:11 ; elapsed = 00:00:12 . Memory (MB): peak = 1281.848 ; gain = 511.871 ; free physical = 21819 ; free virtual = 42842
---------------------------------------------------------------------------------
---------------------------------------------------------------------------------
Finished Timing Optimization : Time (s): cpu = 00:00:11 ; elapsed = 00:00:12 . Memory (MB): peak = 1281.848 ; gain = 511.871 ; free physical = 21819 ; free virtual = 42842
---------------------------------------------------------------------------------

Report RTL Partitions: 
+-+--------------+------------+----------+
| |RTL Partition |Replication |Instances |
+-+--------------+------------+----------+
+-+--------------+------------+----------+
---------------------------------------------------------------------------------
Start Technology Mapping
---------------------------------------------------------------------------------
---------------------------------------------------------------------------------
Finished Technology Mapping : Time (s): cpu = 00:00:12 ; elapsed = 00:00:12 . Memory (MB): peak = 1281.848 ; gain = 511.871 ; free physical = 21804 ; free virtual = 42826
---------------------------------------------------------------------------------

Report RTL Partitions: 
+-+--------------+------------+----------+
| |RTL Partition |Replication |Instances |
+-+--------------+------------+----------+
+-+--------------+------------+----------+
---------------------------------------------------------------------------------
Start IO Insertion
---------------------------------------------------------------------------------
---------------------------------------------------------------------------------
Start Final Netlist Cleanup
---------------------------------------------------------------------------------
---------------------------------------------------------------------------------
Finished Final Netlist Cleanup
---------------------------------------------------------------------------------
---------------------------------------------------------------------------------
Finished IO Insertion : Time (s): cpu = 00:00:12 ; elapsed = 00:00:12 . Memory (MB): peak = 1281.848 ; gain = 511.871 ; free physical = 21804 ; free virtual = 42826
---------------------------------------------------------------------------------

Report Check Netlist: 
+------+------------------+-------+---------+-------+------------------+
|      |Item              |Errors |Warnings |Status |Description       |
+------+------------------+-------+---------+-------+------------------+
|1     |multi_driven_nets |      0|        0|Passed |Multi driven nets |
+------+------------------+-------+---------+-------+------------------+
---------------------------------------------------------------------------------
Start Renaming Generated Instances
---------------------------------------------------------------------------------
---------------------------------------------------------------------------------
Finished Renaming Generated Instances : Time (s): cpu = 00:00:12 ; elapsed = 00:00:12 . Memory (MB): peak = 1281.848 ; gain = 511.871 ; free physical = 21804 ; free virtual = 42826
---------------------------------------------------------------------------------

Report RTL Partitions: 
+-+--------------+------------+----------+
| |RTL Partition |Replication |Instances |
+-+--------------+------------+----------+
+-+--------------+------------+----------+
---------------------------------------------------------------------------------
Start Rebuilding User Hierarchy
---------------------------------------------------------------------------------
---------------------------------------------------------------------------------
Finished Rebuilding User Hierarchy : Time (s): cpu = 00:00:12 ; elapsed = 00:00:12 . Memory (MB): peak = 1281.848 ; gain = 511.871 ; free physical = 21804 ; free virtual = 42826
---------------------------------------------------------------------------------
---------------------------------------------------------------------------------
Start Renaming Generated Ports : Time (s): cpu = 00:00:12 ; elapsed = 00:00:12 . Memory (MB): peak = 1281.848 ; gain = 511.871 ; free physical = 21804 ; free virtual = 42826
---------------------------------------------------------------------------------
---------------------------------------------------------------------------------
Finished Renaming Generated Ports : Time (s): cpu = 00:00:12 ; elapsed = 00:00:12 . Memory (MB): peak = 1281.848 ; gain = 511.871 ; free physical = 21804 ; free virtual = 42826
---------------------------------------------------------------------------------
---------------------------------------------------------------------------------
Start Writing Synthesis Report
---------------------------------------------------------------------------------

Report BlackBoxes: 
+-+--------------+----------+
| |BlackBox name |Instances |
+-+--------------+----------+
+-+--------------+----------+

Report Cell Usage: 
+------+-------+------+
|      |Cell   |Count |
+------+-------+------+
|1     |BUFG   |     1|
|2     |CARRY4 |     4|
|3     |LUT1   |    23|
|4     |LUT2   |     9|
|5     |LUT3   |     6|
|6     |LUT4   |    33|
|7     |LUT5   |     2|
|8     |LUT6   |     9|
|9     |FDRE   |    44|
|10    |IBUF   |     3|
|11    |OBUF   |    11|
+------+-------+------+

Report Instance Areas: 
+------+-----------------+--------------------------------+------+
|      |Instance         |Module                          |Cells |
+------+-----------------+--------------------------------+------+
|1     |top              |                                |   145|
|2     |  counter0       |Generic_counter__parameterized2 |    11|
|3     |  counter1       |Generic_counter__parameterized3 |    11|
|4     |  counter2       |Generic_counter__parameterized4 |    11|
|5     |  counter3       |Generic_counter__parameterized5 |     8|
|6     |  counter_100hz  |Generic_counter__parameterized0 |    11|
|7     |  counter_1khz   |Generic_counter                 |    59|
|8     |  strobe_counter |Generic_counter__parameterized1 |    19|
+------+-----------------+--------------------------------+------+
---------------------------------------------------------------------------------
Finished Writing Synthesis Report : Time (s): cpu = 00:00:12 ; elapsed = 00:00:12 . Memory (MB): peak = 1281.848 ; gain = 511.871 ; free physical = 21804 ; free virtual = 42826
---------------------------------------------------------------------------------
Synthesis finished with 0 errors, 0 critical warnings and 0 warnings.
Synthesis Optimization Runtime : Time (s): cpu = 00:00:08 ; elapsed = 00:00:08 . Memory (MB): peak = 1281.848 ; gain = 74.281 ; free physical = 21804 ; free virtual = 42826
Synthesis Optimization Complete : Time (s): cpu = 00:00:12 ; elapsed = 00:00:12 . Memory (MB): peak = 1281.848 ; gain = 511.871 ; free physical = 21804 ; free virtual = 42826
INFO: [Project 1-571] Translating synthesized netlist
INFO: [Netlist 29-17] Analyzing 7 Unisim elements for replacement
INFO: [Netlist 29-28] Unisim Transformation completed in 0 CPU seconds
INFO: [Project 1-570] Preparing netlist for logic optimization
INFO: [Opt 31-138] Pushed 0 inverter(s) to 0 load pin(s).
INFO: [Project 1-111] Unisim Transformation Summary:
No Unisim elements were transformed.

INFO: [Common 17-83] Releasing license: Synthesis
35 Infos, 7 Warnings, 0 Critical Warnings and 0 Errors encountered.
synth_design completed successfully
synth_design: Time (s): cpu = 00:00:11 ; elapsed = 00:00:11 . Memory (MB): peak = 1281.848 ; gain = 403.371 ; free physical = 21804 ; free virtual = 42826
report_utilization: Time (s): cpu = 00:00:00.49 ; elapsed = 00:00:00.53 . Memory (MB): peak = 1313.863 ; gain = 0.000 ; free physical = 21798 ; free virtual = 42820
INFO: [Common 17-206] Exiting Vivado at Mon Oct 13 13:22:32 2025...
